Sufficient space detected in /uufs/chpc.utah.edu/common/home/lin-group9/agm/NOAA_CSL_Data
Found 16Tb free space
Downloading, extracting, and organizing data for area_onroad_gasoline 2021 Month01
Downloading https://csl.noaa.gov/groups/csl7/measurements/2020covid-aqs/data/emissions/FIVE/onroad_gasoline/2021/FIVE_onroad-gas_2021_Month01.tar.gz to /uufs/chpc.utah.edu/common/home/lin-group9/agm/NOAA_CSL_Data/.temp
Extracting FIVE_onroad-gas_2021_Month01.tar.gz into /uufs/chpc.utah.edu/common/home/lin-group9/agm/NOAA_CSL_Data/.temp
Deleting /uufs/chpc.utah.edu/common/home/lin-group9/agm/NOAA_CSL_Data/.temp/FIVE_onroad-gas_2021_Month01.tar.gz
Deleting tree /uufs/chpc.utah.edu/common/home/lin-group9/agm/NOAA_CSL_Data/.temp/Month01
Downloading, extracting, and organizing data for area_onroad_diesel 2021 Month01
Downloading https://csl.noaa.gov/groups/csl7/measurements/2020covid-aqs/data/emissions/FIVE/onroad_diesel/2021/FIVE_onroad-dsl_2021_Month01.tar.gz to /uufs/chpc.utah.edu/common/home/lin-group9/agm/NOAA_CSL_Data/.temp
Extracting FIVE_onroad-dsl_2021_Month01.tar.gz into /uufs/chpc.utah.edu/common/home/lin-group9/agm/NOAA_CSL_Data/.temp
Deleting /uufs/chpc.utah.edu/common/home/lin-group9/agm/NOAA_CSL_Data/.temp/FIVE_onroad-dsl_2021_Month01.tar.gz
Deleting tree /uufs/chpc.utah.edu/common/home/lin-group9/agm/NOAA_CSL_Data/.temp/Month01
Downloading, extracting, and organizing data for area_offroad 2021 Month01
Downloading https://csl.noaa.gov/groups/csl7/measurements/2020covid-aqs/data/emissions/FIVE/offroad/2021/FIVE_offroad_2021_Month01.tar.gz to /uufs/chpc.utah.edu/common/home/lin-group9/agm/NOAA_CSL_Data/.temp
Extracting FIVE_offroad_2021_Month01.tar.gz into /uufs/chpc.utah.edu/common/home/lin-group9/agm/NOAA_CSL_Data/.temp
Deleting /uufs/chpc.utah.edu/common/home/lin-group9/agm/NOAA_CSL_Data/.temp/FIVE_offroad_2021_Month01.tar.gz
Deleting tree /uufs/chpc.utah.edu/common/home/lin-group9/agm/NOAA_CSL_Data/.temp/Month01
Downloading, extracting, and organizing data for area_OG 2021 Month01
Downloading https://csl.noaa.gov/groups/csl7/measurements/2020covid-aqs/data/emissions/NRT_area-point_emissions/FOG-NEI17_Oil_and_Gas/2021/areaOG_emis_2021_Month01.tar.gz to /uufs/chpc.utah.edu/common/home/lin-group9/agm/NOAA_CSL_Data/.temp
Extracting areaOG_emis_2021_Month01.tar.gz into /uufs/chpc.utah.edu/common/home/lin-group9/agm/NOAA_CSL_Data/.temp
Deleting /uufs/chpc.utah.edu/common/home/lin-group9/agm/NOAA_CSL_Data/.temp/areaOG_emis_2021_Month01.tar.gz
Deleting tree /uufs/chpc.utah.edu/common/home/lin-group9/agm/NOAA_CSL_Data/.temp/wrk
Downloading, extracting, and organizing data for area_AG 2021 Month01
Downloading https://csl.noaa.gov/groups/csl7/measurements/2020covid-aqs/data/emissions/NRT_area-point_emissions/area/2021/areaAG_emis_2021_Month01.tar.gz to /uufs/chpc.utah.edu/common/home/lin-group9/agm/NOAA_CSL_Data/.temp
Extracting areaAG_emis_2021_Month01.tar.gz into /uufs/chpc.utah.edu/common/home/lin-group9/agm/NOAA_CSL_Data/.temp
Deleting /uufs/chpc.utah.edu/common/home/lin-group9/agm/NOAA_CSL_Data/.temp/areaAG_emis_2021_Month01.tar.gz
Deleting tree /uufs/chpc.utah.edu/common/home/lin-group9/agm/NOAA_CSL_Data/.temp/AreaAG
Downloading, extracting, and organizing data for area_Industry 2021 Month01
Downloading https://csl.noaa.gov/groups/csl7/measurements/2020covid-aqs/data/emissions/NRT_area-point_emissions/area/2021/areaIndustry_emis_2021_Month01.tar.gz to /uufs/chpc.utah.edu/common/home/lin-group9/agm/NOAA_CSL_Data/.temp
Extracting areaIndustry_emis_2021_Month01.tar.gz into /uufs/chpc.utah.edu/common/home/lin-group9/agm/NOAA_CSL_Data/.temp
Deleting /uufs/chpc.utah.edu/common/home/lin-group9/agm/NOAA_CSL_Data/.temp/areaIndustry_emis_2021_Month01.tar.gz
Deleting tree /uufs/chpc.utah.edu/common/home/lin-group9/agm/NOAA_CSL_Data/.temp/AreaIndustry
Downloading, extracting, and organizing data for area_Other 2021 Month01
Downloading https://csl.noaa.gov/groups/csl7/measurements/2020covid-aqs/data/emissions/NRT_area-point_emissions/area/2021/areaOtherArea_emis_2021_Month01.tar.gz to /uufs/chpc.utah.edu/common/home/lin-group9/agm/NOAA_CSL_Data/.temp
Extracting areaOtherArea_emis_2021_Month01.tar.gz into /uufs/chpc.utah.edu/common/home/lin-group9/agm/NOAA_CSL_Data/.temp
Deleting /uufs/chpc.utah.edu/common/home/lin-group9/agm/NOAA_CSL_Data/.temp/areaOtherArea_emis_2021_Month01.tar.gz
Deleting tree /uufs/chpc.utah.edu/common/home/lin-group9/agm/NOAA_CSL_Data/.temp/OtherArea
Downloading, extracting, and organizing data for area_VCP 2021 Month01
Downloading https://csl.noaa.gov/groups/csl7/measurements/2020covid-aqs/data/emissions/NRT_area-point_emissions/area/2021/areaVCP_emis_2021_Month01.tar.gz to /uufs/chpc.utah.edu/common/home/lin-group9/agm/NOAA_CSL_Data/.temp
Extracting areaVCP_emis_2021_Month01.tar.gz into /uufs/chpc.utah.edu/common/home/lin-group9/agm/NOAA_CSL_Data/.temp
Deleting /uufs/chpc.utah.edu/common/home/lin-group9/agm/NOAA_CSL_Data/.temp/areaVCP_emis_2021_Month01.tar.gz
Deleting tree /uufs/chpc.utah.edu/common/home/lin-group9/agm/NOAA_CSL_Data/.temp/AreaVCP
Downloading, extracting, and organizing data for point 2021 Month01
Downloading https://csl.noaa.gov/groups/csl7/measurements/2020covid-aqs/data/emissions/NRT_area-point_emissions/point/2021/point_emis_2021_Month01.tar.gz to /uufs/chpc.utah.edu/common/home/lin-group9/agm/NOAA_CSL_Data/.temp
Extracting point_emis_2021_Month01.tar.gz into /uufs/chpc.utah.edu/common/home/lin-group9/agm/NOAA_CSL_Data/.temp
Deleting /uufs/chpc.utah.edu/common/home/lin-group9/agm/NOAA_CSL_Data/.temp/point_emis_2021_Month01.tar.gz
Deleting tree /uufs/chpc.utah.edu/common/home/lin-group9/agm/NOAA_CSL_Data/.temp/Month01
Downloading, extracting, and organizing data for area_onroad_gasoline 2021 Month02
Downloading https://csl.noaa.gov/groups/csl7/measurements/2020covid-aqs/data/emissions/FIVE/onroad_gasoline/2021/FIVE_onroad-gas_2021_Month02.tar.gz to /uufs/chpc.utah.edu/common/home/lin-group9/agm/NOAA_CSL_Data/.temp
Extracting FIVE_onroad-gas_2021_Month02.tar.gz into /uufs/chpc.utah.edu/common/home/lin-group9/agm/NOAA_CSL_Data/.temp
Deleting /uufs/chpc.utah.edu/common/home/lin-group9/agm/NOAA_CSL_Data/.temp/FIVE_onroad-gas_2021_Month02.tar.gz
Deleting tree /uufs/chpc.utah.edu/common/home/lin-group9/agm/NOAA_CSL_Data/.temp/Month02
Downloading, extracting, and organizing data for area_onroad_diesel 2021 Month02
Downloading https://csl.noaa.gov/groups/csl7/measurements/2020covid-aqs/data/emissions/FIVE/onroad_diesel/2021/FIVE_onroad-dsl_2021_Month02.tar.gz to /uufs/chpc.utah.edu/common/home/lin-group9/agm/NOAA_CSL_Data/.temp
Extracting FIVE_onroad-dsl_2021_Month02.tar.gz into /uufs/chpc.utah.edu/common/home/lin-group9/agm/NOAA_CSL_Data/.temp
Deleting /uufs/chpc.utah.edu/common/home/lin-group9/agm/NOAA_CSL_Data/.temp/FIVE_onroad-dsl_2021_Month02.tar.gz
Deleting tree /uufs/chpc.utah.edu/common/home/lin-group9/agm/NOAA_CSL_Data/.temp/Month02
Downloading, extracting, and organizing data for area_offroad 2021 Month02
Downloading https://csl.noaa.gov/groups/csl7/measurements/2020covid-aqs/data/emissions/FIVE/offroad/2021/FIVE_offroad_2021_Month02.tar.gz to /uufs/chpc.utah.edu/common/home/lin-group9/agm/NOAA_CSL_Data/.temp
Extracting FIVE_offroad_2021_Month02.tar.gz into /uufs/chpc.utah.edu/common/home/lin-group9/agm/NOAA_CSL_Data/.temp
Deleting /uufs/chpc.utah.edu/common/home/lin-group9/agm/NOAA_CSL_Data/.temp/FIVE_offroad_2021_Month02.tar.gz
Deleting tree /uufs/chpc.utah.edu/common/home/lin-group9/agm/NOAA_CSL_Data/.temp/Month02
Downloading, extracting, and organizing data for area_OG 2021 Month02
Downloading https://csl.noaa.gov/groups/csl7/measurements/2020covid-aqs/data/emissions/NRT_area-point_emissions/FOG-NEI17_Oil_and_Gas/2021/areaOG_emis_2021_Month02.tar.gz to /uufs/chpc.utah.edu/common/home/lin-group9/agm/NOAA_CSL_Data/.temp
Extracting areaOG_emis_2021_Month02.tar.gz into /uufs/chpc.utah.edu/common/home/lin-group9/agm/NOAA_CSL_Data/.temp
Deleting /uufs/chpc.utah.edu/common/home/lin-group9/agm/NOAA_CSL_Data/.temp/areaOG_emis_2021_Month02.tar.gz
Deleting tree /uufs/chpc.utah.edu/common/home/lin-group9/agm/NOAA_CSL_Data/.temp/wrk
Downloading, extracting, and organizing data for area_AG 2021 Month02
Downloading https://csl.noaa.gov/groups/csl7/measurements/2020covid-aqs/data/emissions/NRT_area-point_emissions/area/2021/areaAG_emis_2021_Month02.tar.gz to /uufs/chpc.utah.edu/common/home/lin-group9/agm/NOAA_CSL_Data/.temp
Extracting areaAG_emis_2021_Month02.tar.gz into /uufs/chpc.utah.edu/common/home/lin-group9/agm/NOAA_CSL_Data/.temp
Deleting /uufs/chpc.utah.edu/common/home/lin-group9/agm/NOAA_CSL_Data/.temp/areaAG_emis_2021_Month02.tar.gz
Deleting tree /uufs/chpc.utah.edu/common/home/lin-group9/agm/NOAA_CSL_Data/.temp/AreaAG
Downloading, extracting, and organizing data for area_Industry 2021 Month02
Downloading https://csl.noaa.gov/groups/csl7/measurements/2020covid-aqs/data/emissions/NRT_area-point_emissions/area/2021/areaIndustry_emis_2021_Month02.tar.gz to /uufs/chpc.utah.edu/common/home/lin-group9/agm/NOAA_CSL_Data/.temp
Extracting areaIndustry_emis_2021_Month02.tar.gz into /uufs/chpc.utah.edu/common/home/lin-group9/agm/NOAA_CSL_Data/.temp
Deleting /uufs/chpc.utah.edu/common/home/lin-group9/agm/NOAA_CSL_Data/.temp/areaIndustry_emis_2021_Month02.tar.gz
Deleting tree /uufs/chpc.utah.edu/common/home/lin-group9/agm/NOAA_CSL_Data/.temp/AreaIndustry
Downloading, extracting, and organizing data for area_Other 2021 Month02
Downloading https://csl.noaa.gov/groups/csl7/measurements/2020covid-aqs/data/emissions/NRT_area-point_emissions/area/2021/areaOtherArea_emis_2021_Month02.tar.gz to /uufs/chpc.utah.edu/common/home/lin-group9/agm/NOAA_CSL_Data/.temp
Extracting areaOtherArea_emis_2021_Month02.tar.gz into /uufs/chpc.utah.edu/common/home/lin-group9/agm/NOAA_CSL_Data/.temp
Deleting /uufs/chpc.utah.edu/common/home/lin-group9/agm/NOAA_CSL_Data/.temp/areaOtherArea_emis_2021_Month02.tar.gz
Deleting tree /uufs/chpc.utah.edu/common/home/lin-group9/agm/NOAA_CSL_Data/.temp/OtherArea
Downloading, extracting, and organizing data for area_VCP 2021 Month02
Downloading https://csl.noaa.gov/groups/csl7/measurements/2020covid-aqs/data/emissions/NRT_area-point_emissions/area/2021/areaVCP_emis_2021_Month02.tar.gz to /uufs/chpc.utah.edu/common/home/lin-group9/agm/NOAA_CSL_Data/.temp
Extracting areaVCP_emis_2021_Month02.tar.gz into /uufs/chpc.utah.edu/common/home/lin-group9/agm/NOAA_CSL_Data/.temp
Deleting /uufs/chpc.utah.edu/common/home/lin-group9/agm/NOAA_CSL_Data/.temp/areaVCP_emis_2021_Month02.tar.gz
Deleting tree /uufs/chpc.utah.edu/common/home/lin-group9/agm/NOAA_CSL_Data/.temp/AreaVCP
Downloading, extracting, and organizing data for point 2021 Month02
Downloading https://csl.noaa.gov/groups/csl7/measurements/2020covid-aqs/data/emissions/NRT_area-point_emissions/point/2021/point_emis_2021_Month02.tar.gz to /uufs/chpc.utah.edu/common/home/lin-group9/agm/NOAA_CSL_Data/.temp
Extracting point_emis_2021_Month02.tar.gz into /uufs/chpc.utah.edu/common/home/lin-group9/agm/NOAA_CSL_Data/.temp
Deleting /uufs/chpc.utah.edu/common/home/lin-group9/agm/NOAA_CSL_Data/.temp/point_emis_2021_Month02.tar.gz
Deleting tree /uufs/chpc.utah.edu/common/home/lin-group9/agm/NOAA_CSL_Data/.temp/Month02
Downloading, extracting, and organizing data for area_onroad_gasoline 2021 Month03
Downloading https://csl.noaa.gov/groups/csl7/measurements/2020covid-aqs/data/emissions/FIVE/onroad_gasoline/2021/FIVE_onroad-gas_2021_Month03.tar.gz to /uufs/chpc.utah.edu/common/home/lin-group9/agm/NOAA_CSL_Data/.temp
Extracting FIVE_onroad-gas_2021_Month03.tar.gz into /uufs/chpc.utah.edu/common/home/lin-group9/agm/NOAA_CSL_Data/.temp
Deleting /uufs/chpc.utah.edu/common/home/lin-group9/agm/NOAA_CSL_Data/.temp/FIVE_onroad-gas_2021_Month03.tar.gz
Deleting tree /uufs/chpc.utah.edu/common/home/lin-group9/agm/NOAA_CSL_Data/.temp/Month03
Downloading, extracting, and organizing data for area_onroad_diesel 2021 Month03
Downloading https://csl.noaa.gov/groups/csl7/measurements/2020covid-aqs/data/emissions/FIVE/onroad_diesel/2021/FIVE_onroad-dsl_2021_Month03.tar.gz to /uufs/chpc.utah.edu/common/home/lin-group9/agm/NOAA_CSL_Data/.temp
Extracting FIVE_onroad-dsl_2021_Month03.tar.gz into /uufs/chpc.utah.edu/common/home/lin-group9/agm/NOAA_CSL_Data/.temp
Deleting /uufs/chpc.utah.edu/common/home/lin-group9/agm/NOAA_CSL_Data/.temp/FIVE_onroad-dsl_2021_Month03.tar.gz
Deleting tree /uufs/chpc.utah.edu/common/home/lin-group9/agm/NOAA_CSL_Data/.temp/Month03
Downloading, extracting, and organizing data for area_offroad 2021 Month03
Downloading https://csl.noaa.gov/groups/csl7/measurements/2020covid-aqs/data/emissions/FIVE/offroad/2021/FIVE_offroad_2021_Month03.tar.gz to /uufs/chpc.utah.edu/common/home/lin-group9/agm/NOAA_CSL_Data/.temp
Extracting FIVE_offroad_2021_Month03.tar.gz into /uufs/chpc.utah.edu/common/home/lin-group9/agm/NOAA_CSL_Data/.temp
Deleting /uufs/chpc.utah.edu/common/home/lin-group9/agm/NOAA_CSL_Data/.temp/FIVE_offroad_2021_Month03.tar.gz
Deleting tree /uufs/chpc.utah.edu/common/home/lin-group9/agm/NOAA_CSL_Data/.temp/Month03
Downloading, extracting, and organizing data for area_OG 2021 Month03
Downloading https://csl.noaa.gov/groups/csl7/measurements/2020covid-aqs/data/emissions/NRT_area-point_emissions/FOG-NEI17_Oil_and_Gas/2021/areaOG_emis_2021_Month03.tar.gz to /uufs/chpc.utah.edu/common/home/lin-group9/agm/NOAA_CSL_Data/.temp
Extracting areaOG_emis_2021_Month03.tar.gz into /uufs/chpc.utah.edu/common/home/lin-group9/agm/NOAA_CSL_Data/.temp
Deleting /uufs/chpc.utah.edu/common/home/lin-group9/agm/NOAA_CSL_Data/.temp/areaOG_emis_2021_Month03.tar.gz
Deleting tree /uufs/chpc.utah.edu/common/home/lin-group9/agm/NOAA_CSL_Data/.temp/wrk
Downloading, extracting, and organizing data for area_AG 2021 Month03
Downloading https://csl.noaa.gov/groups/csl7/measurements/2020covid-aqs/data/emissions/NRT_area-point_emissions/area/2021/areaAG_emis_2021_Month03.tar.gz to /uufs/chpc.utah.edu/common/home/lin-group9/agm/NOAA_CSL_Data/.temp
Extracting areaAG_emis_2021_Month03.tar.gz into /uufs/chpc.utah.edu/common/home/lin-group9/agm/NOAA_CSL_Data/.temp
Deleting /uufs/chpc.utah.edu/common/home/lin-group9/agm/NOAA_CSL_Data/.temp/areaAG_emis_2021_Month03.tar.gz
Deleting tree /uufs/chpc.utah.edu/common/home/lin-group9/agm/NOAA_CSL_Data/.temp/AreaAG
Downloading, extracting, and organizing data for area_Industry 2021 Month03
Downloading https://csl.noaa.gov/groups/csl7/measurements/2020covid-aqs/data/emissions/NRT_area-point_emissions/area/2021/areaIndustry_emis_2021_Month03.tar.gz to /uufs/chpc.utah.edu/common/home/lin-group9/agm/NOAA_CSL_Data/.temp
Extracting areaIndustry_emis_2021_Month03.tar.gz into /uufs/chpc.utah.edu/common/home/lin-group9/agm/NOAA_CSL_Data/.temp
Deleting /uufs/chpc.utah.edu/common/home/lin-group9/agm/NOAA_CSL_Data/.temp/areaIndustry_emis_2021_Month03.tar.gz
Deleting tree /uufs/chpc.utah.edu/common/home/lin-group9/agm/NOAA_CSL_Data/.temp/AreaIndustry
Downloading, extracting, and organizing data for area_Other 2021 Month03
Downloading https://csl.noaa.gov/groups/csl7/measurements/2020covid-aqs/data/emissions/NRT_area-point_emissions/area/2021/areaOtherArea_emis_2021_Month03.tar.gz to /uufs/chpc.utah.edu/common/home/lin-group9/agm/NOAA_CSL_Data/.temp
Extracting areaOtherArea_emis_2021_Month03.tar.gz into /uufs/chpc.utah.edu/common/home/lin-group9/agm/NOAA_CSL_Data/.temp
Deleting /uufs/chpc.utah.edu/common/home/lin-group9/agm/NOAA_CSL_Data/.temp/areaOtherArea_emis_2021_Month03.tar.gz
Deleting tree /uufs/chpc.utah.edu/common/home/lin-group9/agm/NOAA_CSL_Data/.temp/OtherArea
Downloading, extracting, and organizing data for area_VCP 2021 Month03
Downloading https://csl.noaa.gov/groups/csl7/measurements/2020covid-aqs/data/emissions/NRT_area-point_emissions/area/2021/areaVCP_emis_2021_Month03.tar.gz to /uufs/chpc.utah.edu/common/home/lin-group9/agm/NOAA_CSL_Data/.temp
Extracting areaVCP_emis_2021_Month03.tar.gz into /uufs/chpc.utah.edu/common/home/lin-group9/agm/NOAA_CSL_Data/.temp
Deleting /uufs/chpc.utah.edu/common/home/lin-group9/agm/NOAA_CSL_Data/.temp/areaVCP_emis_2021_Month03.tar.gz
Deleting tree /uufs/chpc.utah.edu/common/home/lin-group9/agm/NOAA_CSL_Data/.temp/AreaVCP
Downloading, extracting, and organizing data for point 2021 Month03
Downloading https://csl.noaa.gov/groups/csl7/measurements/2020covid-aqs/data/emissions/NRT_area-point_emissions/point/2021/point_emis_2021_Month03.tar.gz to /uufs/chpc.utah.edu/common/home/lin-group9/agm/NOAA_CSL_Data/.temp
Extracting point_emis_2021_Month03.tar.gz into /uufs/chpc.utah.edu/common/home/lin-group9/agm/NOAA_CSL_Data/.temp
Deleting /uufs/chpc.utah.edu/common/home/lin-group9/agm/NOAA_CSL_Data/.temp/point_emis_2021_Month03.tar.gz
Deleting tree /uufs/chpc.utah.edu/common/home/lin-group9/agm/NOAA_CSL_Data/.temp/Month03
Downloading, extracting, and organizing data for area_onroad_gasoline 2021 Month04
Downloading https://csl.noaa.gov/groups/csl7/measurements/2020covid-aqs/data/emissions/FIVE/onroad_gasoline/2021/FIVE_onroad-gas_2021_Month04.tar.gz to /uufs/chpc.utah.edu/common/home/lin-group9/agm/NOAA_CSL_Data/.temp
Extracting FIVE_onroad-gas_2021_Month04.tar.gz into /uufs/chpc.utah.edu/common/home/lin-group9/agm/NOAA_CSL_Data/.temp
Deleting /uufs/chpc.utah.edu/common/home/lin-group9/agm/NOAA_CSL_Data/.temp/FIVE_onroad-gas_2021_Month04.tar.gz
Deleting tree /uufs/chpc.utah.edu/common/home/lin-group9/agm/NOAA_CSL_Data/.temp/Month04
Downloading, extracting, and organizing data for area_onroad_diesel 2021 Month04
Downloading https://csl.noaa.gov/groups/csl7/measurements/2020covid-aqs/data/emissions/FIVE/onroad_diesel/2021/FIVE_onroad-dsl_2021_Month04.tar.gz to /uufs/chpc.utah.edu/common/home/lin-group9/agm/NOAA_CSL_Data/.temp
Extracting FIVE_onroad-dsl_2021_Month04.tar.gz into /uufs/chpc.utah.edu/common/home/lin-group9/agm/NOAA_CSL_Data/.temp
Deleting /uufs/chpc.utah.edu/common/home/lin-group9/agm/NOAA_CSL_Data/.temp/FIVE_onroad-dsl_2021_Month04.tar.gz
Deleting tree /uufs/chpc.utah.edu/common/home/lin-group9/agm/NOAA_CSL_Data/.temp/Month04
Downloading, extracting, and organizing data for area_offroad 2021 Month04
Downloading https://csl.noaa.gov/groups/csl7/measurements/2020covid-aqs/data/emissions/FIVE/offroad/2021/FIVE_offroad_2021_Month04.tar.gz to /uufs/chpc.utah.edu/common/home/lin-group9/agm/NOAA_CSL_Data/.temp
Extracting FIVE_offroad_2021_Month04.tar.gz into /uufs/chpc.utah.edu/common/home/lin-group9/agm/NOAA_CSL_Data/.temp
Deleting /uufs/chpc.utah.edu/common/home/lin-group9/agm/NOAA_CSL_Data/.temp/FIVE_offroad_2021_Month04.tar.gz
Deleting tree /uufs/chpc.utah.edu/common/home/lin-group9/agm/NOAA_CSL_Data/.temp/Month04
Downloading, extracting, and organizing data for area_OG 2021 Month04
Downloading https://csl.noaa.gov/groups/csl7/measurements/2020covid-aqs/data/emissions/NRT_area-point_emissions/FOG-NEI17_Oil_and_Gas/2021/areaOG_emis_2021_Month04.tar.gz to /uufs/chpc.utah.edu/common/home/lin-group9/agm/NOAA_CSL_Data/.temp
Extracting areaOG_emis_2021_Month04.tar.gz into /uufs/chpc.utah.edu/common/home/lin-group9/agm/NOAA_CSL_Data/.temp
Deleting /uufs/chpc.utah.edu/common/home/lin-group9/agm/NOAA_CSL_Data/.temp/areaOG_emis_2021_Month04.tar.gz
Deleting tree /uufs/chpc.utah.edu/common/home/lin-group9/agm/NOAA_CSL_Data/.temp/wrk
Downloading, extracting, and organizing data for area_AG 2021 Month04
Downloading https://csl.noaa.gov/groups/csl7/measurements/2020covid-aqs/data/emissions/NRT_area-point_emissions/area/2021/areaAG_emis_2021_Month04.tar.gz to /uufs/chpc.utah.edu/common/home/lin-group9/agm/NOAA_CSL_Data/.temp
Extracting areaAG_emis_2021_Month04.tar.gz into /uufs/chpc.utah.edu/common/home/lin-group9/agm/NOAA_CSL_Data/.temp
Deleting /uufs/chpc.utah.edu/common/home/lin-group9/agm/NOAA_CSL_Data/.temp/areaAG_emis_2021_Month04.tar.gz
Deleting tree /uufs/chpc.utah.edu/common/home/lin-group9/agm/NOAA_CSL_Data/.temp/AreaAG
Downloading, extracting, and organizing data for area_Industry 2021 Month04
Downloading https://csl.noaa.gov/groups/csl7/measurements/2020covid-aqs/data/emissions/NRT_area-point_emissions/area/2021/areaIndustry_emis_2021_Month04.tar.gz to /uufs/chpc.utah.edu/common/home/lin-group9/agm/NOAA_CSL_Data/.temp
Extracting areaIndustry_emis_2021_Month04.tar.gz into /uufs/chpc.utah.edu/common/home/lin-group9/agm/NOAA_CSL_Data/.temp
Deleting /uufs/chpc.utah.edu/common/home/lin-group9/agm/NOAA_CSL_Data/.temp/areaIndustry_emis_2021_Month04.tar.gz
Deleting tree /uufs/chpc.utah.edu/common/home/lin-group9/agm/NOAA_CSL_Data/.temp/AreaIndustry
Downloading, extracting, and organizing data for area_Other 2021 Month04
Downloading https://csl.noaa.gov/groups/csl7/measurements/2020covid-aqs/data/emissions/NRT_area-point_emissions/area/2021/areaOtherArea_emis_2021_Month04.tar.gz to /uufs/chpc.utah.edu/common/home/lin-group9/agm/NOAA_CSL_Data/.temp
Extracting areaOtherArea_emis_2021_Month04.tar.gz into /uufs/chpc.utah.edu/common/home/lin-group9/agm/NOAA_CSL_Data/.temp
Deleting /uufs/chpc.utah.edu/common/home/lin-group9/agm/NOAA_CSL_Data/.temp/areaOtherArea_emis_2021_Month04.tar.gz
Deleting tree /uufs/chpc.utah.edu/common/home/lin-group9/agm/NOAA_CSL_Data/.temp/OtherArea
Downloading, extracting, and organizing data for area_VCP 2021 Month04
Downloading https://csl.noaa.gov/groups/csl7/measurements/2020covid-aqs/data/emissions/NRT_area-point_emissions/area/2021/areaVCP_emis_2021_Month04.tar.gz to /uufs/chpc.utah.edu/common/home/lin-group9/agm/NOAA_CSL_Data/.temp
Extracting areaVCP_emis_2021_Month04.tar.gz into /uufs/chpc.utah.edu/common/home/lin-group9/agm/NOAA_CSL_Data/.temp
Deleting /uufs/chpc.utah.edu/common/home/lin-group9/agm/NOAA_CSL_Data/.temp/areaVCP_emis_2021_Month04.tar.gz
Deleting tree /uufs/chpc.utah.edu/common/home/lin-group9/agm/NOAA_CSL_Data/.temp/AreaVCP
Downloading, extracting, and organizing data for point 2021 Month04
Downloading https://csl.noaa.gov/groups/csl7/measurements/2020covid-aqs/data/emissions/NRT_area-point_emissions/point/2021/point_emis_2021_Month04.tar.gz to /uufs/chpc.utah.edu/common/home/lin-group9/agm/NOAA_CSL_Data/.temp
Extracting point_emis_2021_Month04.tar.gz into /uufs/chpc.utah.edu/common/home/lin-group9/agm/NOAA_CSL_Data/.temp
Deleting /uufs/chpc.utah.edu/common/home/lin-group9/agm/NOAA_CSL_Data/.temp/point_emis_2021_Month04.tar.gz
Deleting tree /uufs/chpc.utah.edu/common/home/lin-group9/agm/NOAA_CSL_Data/.temp/Month04
Downloading, extracting, and organizing data for area_onroad_gasoline 2021 Month05
Downloading https://csl.noaa.gov/groups/csl7/measurements/2020covid-aqs/data/emissions/FIVE/onroad_gasoline/2021/FIVE_onroad-gas_2021_Month05.tar.gz to /uufs/chpc.utah.edu/common/home/lin-group9/agm/NOAA_CSL_Data/.temp
Extracting FIVE_onroad-gas_2021_Month05.tar.gz into /uufs/chpc.utah.edu/common/home/lin-group9/agm/NOAA_CSL_Data/.temp
Deleting /uufs/chpc.utah.edu/common/home/lin-group9/agm/NOAA_CSL_Data/.temp/FIVE_onroad-gas_2021_Month05.tar.gz
Deleting tree /uufs/chpc.utah.edu/common/home/lin-group9/agm/NOAA_CSL_Data/.temp/Month05
Downloading, extracting, and organizing data for area_onroad_diesel 2021 Month05
Downloading https://csl.noaa.gov/groups/csl7/measurements/2020covid-aqs/data/emissions/FIVE/onroad_diesel/2021/FIVE_onroad-dsl_2021_Month05.tar.gz to /uufs/chpc.utah.edu/common/home/lin-group9/agm/NOAA_CSL_Data/.temp
Extracting FIVE_onroad-dsl_2021_Month05.tar.gz into /uufs/chpc.utah.edu/common/home/lin-group9/agm/NOAA_CSL_Data/.temp
Deleting /uufs/chpc.utah.edu/common/home/lin-group9/agm/NOAA_CSL_Data/.temp/FIVE_onroad-dsl_2021_Month05.tar.gz
Deleting tree /uufs/chpc.utah.edu/common/home/lin-group9/agm/NOAA_CSL_Data/.temp/Month05
Downloading, extracting, and organizing data for area_offroad 2021 Month05
Downloading https://csl.noaa.gov/groups/csl7/measurements/2020covid-aqs/data/emissions/FIVE/offroad/2021/FIVE_offroad_2021_Month05.tar.gz to /uufs/chpc.utah.edu/common/home/lin-group9/agm/NOAA_CSL_Data/.temp
Extracting FIVE_offroad_2021_Month05.tar.gz into /uufs/chpc.utah.edu/common/home/lin-group9/agm/NOAA_CSL_Data/.temp
Deleting /uufs/chpc.utah.edu/common/home/lin-group9/agm/NOAA_CSL_Data/.temp/FIVE_offroad_2021_Month05.tar.gz
Deleting tree /uufs/chpc.utah.edu/common/home/lin-group9/agm/NOAA_CSL_Data/.temp/Month05
Downloading, extracting, and organizing data for area_OG 2021 Month05
Downloading https://csl.noaa.gov/groups/csl7/measurements/2020covid-aqs/data/emissions/NRT_area-point_emissions/FOG-NEI17_Oil_and_Gas/2021/areaOG_emis_2021_Month05.tar.gz to /uufs/chpc.utah.edu/common/home/lin-group9/agm/NOAA_CSL_Data/.temp
Extracting areaOG_emis_2021_Month05.tar.gz into /uufs/chpc.utah.edu/common/home/lin-group9/agm/NOAA_CSL_Data/.temp
Traceback (most recent call last):
  File "/uufs/chpc.utah.edu/common/home/u0890904/NOAA_CSL/noaa_csl/data_download.py", line 360, in <module>
    main()
  File "/uufs/chpc.utah.edu/common/home/u0890904/NOAA_CSL/noaa_csl/data_download.py", line 346, in main
    ncd.retrieve_format_data(sector,year,month)
  File "/uufs/chpc.utah.edu/common/home/u0890904/NOAA_CSL/noaa_csl/data_download.py", line 149, in retrieve_format_data
    self.mv_extracted(dir_dict) #move the files to the correct locations
    ^^^^^^^^^^^^^^^^^^^^^^^^^^^
  File "/uufs/chpc.utah.edu/common/home/u0890904/NOAA_CSL/noaa_csl/data_download.py", line 245, in mv_extracted
    for f in os.listdir(path_details['from_path']): #for all of the files in the "from path"
             ^^^^^^^^^^^^^^^^^^^^^^^^^^^^^^^^^^^^^
FileNotFoundError: [Errno 2] No such file or directory: '/uufs/chpc.utah.edu/common/home/lin-group9/agm/NOAA_CSL_Data/.temp/wrk/d2/charkins/CSD_Emissions/conus4k/AREA21_OG/Month05/AreaFOGnei17'
