Sufficient space detected in /uufs/chpc.utah.edu/common/home/lin-group9/agm/NOAA_CSL_Data
Found 17Tb free space
Downloading, extracting, and organizing data for area_onroad_gasoline 2020COVID Month07
Downloading https://csl.noaa.gov/groups/csl7/measurements/2020covid-aqs/data/emissions/FIVE/onroad_gasoline/2020COVID/FIVE_onroad-gas_2020COVID_Month07.tar to /uufs/chpc.utah.edu/common/home/lin-group9/agm/NOAA_CSL_Data/.temp
Extracting FIVE_onroad-gas_2020COVID_Month07.tar into /uufs/chpc.utah.edu/common/home/lin-group9/agm/NOAA_CSL_Data/.temp
Deleting /uufs/chpc.utah.edu/common/home/lin-group9/agm/NOAA_CSL_Data/.temp/FIVE_onroad-gas_2020COVID_Month07.tar
Deleting tree /uufs/chpc.utah.edu/common/home/lin-group9/agm/NOAA_CSL_Data/.temp/Month07
Downloading, extracting, and organizing data for area_onroad_diesel 2020COVID Month07
Downloading https://csl.noaa.gov/groups/csl7/measurements/2020covid-aqs/data/emissions/FIVE/onroad_diesel/2020COVID/FIVE_onroad-dsl_2020COVID_Month07.tar to /uufs/chpc.utah.edu/common/home/lin-group9/agm/NOAA_CSL_Data/.temp
Extracting FIVE_onroad-dsl_2020COVID_Month07.tar into /uufs/chpc.utah.edu/common/home/lin-group9/agm/NOAA_CSL_Data/.temp
Deleting /uufs/chpc.utah.edu/common/home/lin-group9/agm/NOAA_CSL_Data/.temp/FIVE_onroad-dsl_2020COVID_Month07.tar
Deleting tree /uufs/chpc.utah.edu/common/home/lin-group9/agm/NOAA_CSL_Data/.temp/Month07
Downloading, extracting, and organizing data for area_offroad 2020COVID Month07
Downloading https://csl.noaa.gov/groups/csl7/measurements/2020covid-aqs/data/emissions/FIVE/offroad/2020COVID/FIVE_offroad_2020COVID_Month07.tar.gz to /uufs/chpc.utah.edu/common/home/lin-group9/agm/NOAA_CSL_Data/.temp
Extracting FIVE_offroad_2020COVID_Month07.tar.gz into /uufs/chpc.utah.edu/common/home/lin-group9/agm/NOAA_CSL_Data/.temp
Deleting /uufs/chpc.utah.edu/common/home/lin-group9/agm/NOAA_CSL_Data/.temp/FIVE_offroad_2020COVID_Month07.tar.gz
Deleting tree /uufs/chpc.utah.edu/common/home/lin-group9/agm/NOAA_CSL_Data/.temp/Month07
Downloading, extracting, and organizing data for area_OG 2020 Month07
Downloading https://csl.noaa.gov/groups/csl7/measurements/2020covid-aqs/data/emissions/NRT_area-point_emissions/FOG-NEI17_Oil_and_Gas/2020/areaOG_emis_2020_Month07.tar.gz to /uufs/chpc.utah.edu/common/home/lin-group9/agm/NOAA_CSL_Data/.temp
Extracting areaOG_emis_2020_Month07.tar.gz into /uufs/chpc.utah.edu/common/home/lin-group9/agm/NOAA_CSL_Data/.temp
Deleting /uufs/chpc.utah.edu/common/home/lin-group9/agm/NOAA_CSL_Data/.temp/areaOG_emis_2020_Month07.tar.gz
Deleting tree /uufs/chpc.utah.edu/common/home/lin-group9/agm/NOAA_CSL_Data/.temp/wrk
Downloading, extracting, and organizing data for area_AG 2020 Month07
Downloading https://csl.noaa.gov/groups/csl7/measurements/2020covid-aqs/data/emissions/NRT_area-point_emissions/area/2020/areaAG_emis_2020_Month07.tar.gz to /uufs/chpc.utah.edu/common/home/lin-group9/agm/NOAA_CSL_Data/.temp
Extracting areaAG_emis_2020_Month07.tar.gz into /uufs/chpc.utah.edu/common/home/lin-group9/agm/NOAA_CSL_Data/.temp
Deleting /uufs/chpc.utah.edu/common/home/lin-group9/agm/NOAA_CSL_Data/.temp/areaAG_emis_2020_Month07.tar.gz
Deleting tree /uufs/chpc.utah.edu/common/home/lin-group9/agm/NOAA_CSL_Data/.temp/AreaAG
Downloading, extracting, and organizing data for area_Industry 2020 Month07
Downloading https://csl.noaa.gov/groups/csl7/measurements/2020covid-aqs/data/emissions/NRT_area-point_emissions/area/2020/areaIndustry_emis_2020_Month07.tar.gz to /uufs/chpc.utah.edu/common/home/lin-group9/agm/NOAA_CSL_Data/.temp
Extracting areaIndustry_emis_2020_Month07.tar.gz into /uufs/chpc.utah.edu/common/home/lin-group9/agm/NOAA_CSL_Data/.temp
Deleting /uufs/chpc.utah.edu/common/home/lin-group9/agm/NOAA_CSL_Data/.temp/areaIndustry_emis_2020_Month07.tar.gz
Deleting tree /uufs/chpc.utah.edu/common/home/lin-group9/agm/NOAA_CSL_Data/.temp/AreaIndustry
Downloading, extracting, and organizing data for area_Other 2020 Month07
Downloading https://csl.noaa.gov/groups/csl7/measurements/2020covid-aqs/data/emissions/NRT_area-point_emissions/area/2020/areaOtherArea_emis_2020_Month07.tar.gz to /uufs/chpc.utah.edu/common/home/lin-group9/agm/NOAA_CSL_Data/.temp
Extracting areaOtherArea_emis_2020_Month07.tar.gz into /uufs/chpc.utah.edu/common/home/lin-group9/agm/NOAA_CSL_Data/.temp
Deleting /uufs/chpc.utah.edu/common/home/lin-group9/agm/NOAA_CSL_Data/.temp/areaOtherArea_emis_2020_Month07.tar.gz
Deleting tree /uufs/chpc.utah.edu/common/home/lin-group9/agm/NOAA_CSL_Data/.temp/OtherArea
Downloading, extracting, and organizing data for area_VCP 2020 Month07
Downloading https://csl.noaa.gov/groups/csl7/measurements/2020covid-aqs/data/emissions/NRT_area-point_emissions/area/2020/areaVCP_emis_2020_Month07.tar.gz to /uufs/chpc.utah.edu/common/home/lin-group9/agm/NOAA_CSL_Data/.temp
Extracting areaVCP_emis_2020_Month07.tar.gz into /uufs/chpc.utah.edu/common/home/lin-group9/agm/NOAA_CSL_Data/.temp
Deleting /uufs/chpc.utah.edu/common/home/lin-group9/agm/NOAA_CSL_Data/.temp/areaVCP_emis_2020_Month07.tar.gz
Deleting tree /uufs/chpc.utah.edu/common/home/lin-group9/agm/NOAA_CSL_Data/.temp/AreaVCP
Downloading, extracting, and organizing data for point 2020 Month07
Downloading https://csl.noaa.gov/groups/csl7/measurements/2020covid-aqs/data/emissions/NRT_area-point_emissions/point/2020/point_emis_2020_Month07.tar.gz to /uufs/chpc.utah.edu/common/home/lin-group9/agm/NOAA_CSL_Data/.temp
Extracting point_emis_2020_Month07.tar.gz into /uufs/chpc.utah.edu/common/home/lin-group9/agm/NOAA_CSL_Data/.temp
Deleting /uufs/chpc.utah.edu/common/home/lin-group9/agm/NOAA_CSL_Data/.temp/point_emis_2020_Month07.tar.gz
Deleting tree /uufs/chpc.utah.edu/common/home/lin-group9/agm/NOAA_CSL_Data/.temp/Month07
Downloading, extracting, and organizing data for area_onroad_gasoline 2020COVID Month08
Downloading https://csl.noaa.gov/groups/csl7/measurements/2020covid-aqs/data/emissions/FIVE/onroad_gasoline/2020COVID/FIVE_onroad-gas_2020COVID_Month08.tar to /uufs/chpc.utah.edu/common/home/lin-group9/agm/NOAA_CSL_Data/.temp
Extracting FIVE_onroad-gas_2020COVID_Month08.tar into /uufs/chpc.utah.edu/common/home/lin-group9/agm/NOAA_CSL_Data/.temp
Deleting /uufs/chpc.utah.edu/common/home/lin-group9/agm/NOAA_CSL_Data/.temp/FIVE_onroad-gas_2020COVID_Month08.tar
Deleting tree /uufs/chpc.utah.edu/common/home/lin-group9/agm/NOAA_CSL_Data/.temp/Month08
Downloading, extracting, and organizing data for area_onroad_diesel 2020COVID Month08
Downloading https://csl.noaa.gov/groups/csl7/measurements/2020covid-aqs/data/emissions/FIVE/onroad_diesel/2020COVID/FIVE_onroad-dsl_2020COVID_Month08.tar to /uufs/chpc.utah.edu/common/home/lin-group9/agm/NOAA_CSL_Data/.temp
Extracting FIVE_onroad-dsl_2020COVID_Month08.tar into /uufs/chpc.utah.edu/common/home/lin-group9/agm/NOAA_CSL_Data/.temp
Deleting /uufs/chpc.utah.edu/common/home/lin-group9/agm/NOAA_CSL_Data/.temp/FIVE_onroad-dsl_2020COVID_Month08.tar
Deleting tree /uufs/chpc.utah.edu/common/home/lin-group9/agm/NOAA_CSL_Data/.temp/Month08
Downloading, extracting, and organizing data for area_offroad 2020COVID Month08
Downloading https://csl.noaa.gov/groups/csl7/measurements/2020covid-aqs/data/emissions/FIVE/offroad/2020COVID/FIVE_offroad_2020COVID_Month08.tar.gz to /uufs/chpc.utah.edu/common/home/lin-group9/agm/NOAA_CSL_Data/.temp
Extracting FIVE_offroad_2020COVID_Month08.tar.gz into /uufs/chpc.utah.edu/common/home/lin-group9/agm/NOAA_CSL_Data/.temp
Deleting /uufs/chpc.utah.edu/common/home/lin-group9/agm/NOAA_CSL_Data/.temp/FIVE_offroad_2020COVID_Month08.tar.gz
Deleting tree /uufs/chpc.utah.edu/common/home/lin-group9/agm/NOAA_CSL_Data/.temp/Month08
Downloading, extracting, and organizing data for area_OG 2020 Month08
Downloading https://csl.noaa.gov/groups/csl7/measurements/2020covid-aqs/data/emissions/NRT_area-point_emissions/FOG-NEI17_Oil_and_Gas/2020/areaOG_emis_2020_Month08.tar.gz to /uufs/chpc.utah.edu/common/home/lin-group9/agm/NOAA_CSL_Data/.temp
Extracting areaOG_emis_2020_Month08.tar.gz into /uufs/chpc.utah.edu/common/home/lin-group9/agm/NOAA_CSL_Data/.temp
Deleting /uufs/chpc.utah.edu/common/home/lin-group9/agm/NOAA_CSL_Data/.temp/areaOG_emis_2020_Month08.tar.gz
Deleting tree /uufs/chpc.utah.edu/common/home/lin-group9/agm/NOAA_CSL_Data/.temp/wrk
Downloading, extracting, and organizing data for area_AG 2020 Month08
Downloading https://csl.noaa.gov/groups/csl7/measurements/2020covid-aqs/data/emissions/NRT_area-point_emissions/area/2020/areaAG_emis_2020_Month08.tar.gz to /uufs/chpc.utah.edu/common/home/lin-group9/agm/NOAA_CSL_Data/.temp
Extracting areaAG_emis_2020_Month08.tar.gz into /uufs/chpc.utah.edu/common/home/lin-group9/agm/NOAA_CSL_Data/.temp
Deleting /uufs/chpc.utah.edu/common/home/lin-group9/agm/NOAA_CSL_Data/.temp/areaAG_emis_2020_Month08.tar.gz
Deleting tree /uufs/chpc.utah.edu/common/home/lin-group9/agm/NOAA_CSL_Data/.temp/AreaAG
Downloading, extracting, and organizing data for area_Industry 2020 Month08
Downloading https://csl.noaa.gov/groups/csl7/measurements/2020covid-aqs/data/emissions/NRT_area-point_emissions/area/2020/areaIndustry_emis_2020_Month08.tar.gz to /uufs/chpc.utah.edu/common/home/lin-group9/agm/NOAA_CSL_Data/.temp
Extracting areaIndustry_emis_2020_Month08.tar.gz into /uufs/chpc.utah.edu/common/home/lin-group9/agm/NOAA_CSL_Data/.temp
Deleting /uufs/chpc.utah.edu/common/home/lin-group9/agm/NOAA_CSL_Data/.temp/areaIndustry_emis_2020_Month08.tar.gz
Deleting tree /uufs/chpc.utah.edu/common/home/lin-group9/agm/NOAA_CSL_Data/.temp/AreaIndustry
Downloading, extracting, and organizing data for area_Other 2020 Month08
Downloading https://csl.noaa.gov/groups/csl7/measurements/2020covid-aqs/data/emissions/NRT_area-point_emissions/area/2020/areaOtherArea_emis_2020_Month08.tar.gz to /uufs/chpc.utah.edu/common/home/lin-group9/agm/NOAA_CSL_Data/.temp
Extracting areaOtherArea_emis_2020_Month08.tar.gz into /uufs/chpc.utah.edu/common/home/lin-group9/agm/NOAA_CSL_Data/.temp
Deleting /uufs/chpc.utah.edu/common/home/lin-group9/agm/NOAA_CSL_Data/.temp/areaOtherArea_emis_2020_Month08.tar.gz
Deleting tree /uufs/chpc.utah.edu/common/home/lin-group9/agm/NOAA_CSL_Data/.temp/OtherArea
Downloading, extracting, and organizing data for area_VCP 2020 Month08
Downloading https://csl.noaa.gov/groups/csl7/measurements/2020covid-aqs/data/emissions/NRT_area-point_emissions/area/2020/areaVCP_emis_2020_Month08.tar.gz to /uufs/chpc.utah.edu/common/home/lin-group9/agm/NOAA_CSL_Data/.temp
Extracting areaVCP_emis_2020_Month08.tar.gz into /uufs/chpc.utah.edu/common/home/lin-group9/agm/NOAA_CSL_Data/.temp
Deleting /uufs/chpc.utah.edu/common/home/lin-group9/agm/NOAA_CSL_Data/.temp/areaVCP_emis_2020_Month08.tar.gz
Deleting tree /uufs/chpc.utah.edu/common/home/lin-group9/agm/NOAA_CSL_Data/.temp/AreaVCP
Downloading, extracting, and organizing data for point 2020 Month08
Downloading https://csl.noaa.gov/groups/csl7/measurements/2020covid-aqs/data/emissions/NRT_area-point_emissions/point/2020/point_emis_2020_Month08.tar.gz to /uufs/chpc.utah.edu/common/home/lin-group9/agm/NOAA_CSL_Data/.temp
Extracting point_emis_2020_Month08.tar.gz into /uufs/chpc.utah.edu/common/home/lin-group9/agm/NOAA_CSL_Data/.temp
Deleting /uufs/chpc.utah.edu/common/home/lin-group9/agm/NOAA_CSL_Data/.temp/point_emis_2020_Month08.tar.gz
Deleting tree /uufs/chpc.utah.edu/common/home/lin-group9/agm/NOAA_CSL_Data/.temp/Month08
Downloading, extracting, and organizing data for area_onroad_gasoline 2020COVID Month09
Downloading https://csl.noaa.gov/groups/csl7/measurements/2020covid-aqs/data/emissions/FIVE/onroad_gasoline/2020COVID/FIVE_onroad-gas_2020COVID_Month09.tar to /uufs/chpc.utah.edu/common/home/lin-group9/agm/NOAA_CSL_Data/.temp
Extracting FIVE_onroad-gas_2020COVID_Month09.tar into /uufs/chpc.utah.edu/common/home/lin-group9/agm/NOAA_CSL_Data/.temp
Deleting /uufs/chpc.utah.edu/common/home/lin-group9/agm/NOAA_CSL_Data/.temp/FIVE_onroad-gas_2020COVID_Month09.tar
Deleting tree /uufs/chpc.utah.edu/common/home/lin-group9/agm/NOAA_CSL_Data/.temp/Month09
Downloading, extracting, and organizing data for area_onroad_diesel 2020COVID Month09
Downloading https://csl.noaa.gov/groups/csl7/measurements/2020covid-aqs/data/emissions/FIVE/onroad_diesel/2020COVID/FIVE_onroad-dsl_2020COVID_Month09.tar to /uufs/chpc.utah.edu/common/home/lin-group9/agm/NOAA_CSL_Data/.temp
Extracting FIVE_onroad-dsl_2020COVID_Month09.tar into /uufs/chpc.utah.edu/common/home/lin-group9/agm/NOAA_CSL_Data/.temp
Deleting /uufs/chpc.utah.edu/common/home/lin-group9/agm/NOAA_CSL_Data/.temp/FIVE_onroad-dsl_2020COVID_Month09.tar
Deleting tree /uufs/chpc.utah.edu/common/home/lin-group9/agm/NOAA_CSL_Data/.temp/Month09
Downloading, extracting, and organizing data for area_offroad 2020COVID Month09
Downloading https://csl.noaa.gov/groups/csl7/measurements/2020covid-aqs/data/emissions/FIVE/offroad/2020COVID/FIVE_offroad_2020COVID_Month09.tar.gz to /uufs/chpc.utah.edu/common/home/lin-group9/agm/NOAA_CSL_Data/.temp
Extracting FIVE_offroad_2020COVID_Month09.tar.gz into /uufs/chpc.utah.edu/common/home/lin-group9/agm/NOAA_CSL_Data/.temp
Deleting /uufs/chpc.utah.edu/common/home/lin-group9/agm/NOAA_CSL_Data/.temp/FIVE_offroad_2020COVID_Month09.tar.gz
Deleting tree /uufs/chpc.utah.edu/common/home/lin-group9/agm/NOAA_CSL_Data/.temp/Month09
Downloading, extracting, and organizing data for area_OG 2020 Month09
Downloading https://csl.noaa.gov/groups/csl7/measurements/2020covid-aqs/data/emissions/NRT_area-point_emissions/FOG-NEI17_Oil_and_Gas/2020/areaOG_emis_2020_Month09.tar.gz to /uufs/chpc.utah.edu/common/home/lin-group9/agm/NOAA_CSL_Data/.temp
Extracting areaOG_emis_2020_Month09.tar.gz into /uufs/chpc.utah.edu/common/home/lin-group9/agm/NOAA_CSL_Data/.temp
Deleting /uufs/chpc.utah.edu/common/home/lin-group9/agm/NOAA_CSL_Data/.temp/areaOG_emis_2020_Month09.tar.gz
Deleting tree /uufs/chpc.utah.edu/common/home/lin-group9/agm/NOAA_CSL_Data/.temp/wrk
Downloading, extracting, and organizing data for area_AG 2020 Month09
Downloading https://csl.noaa.gov/groups/csl7/measurements/2020covid-aqs/data/emissions/NRT_area-point_emissions/area/2020/areaAG_emis_2020_Month09.tar.gz to /uufs/chpc.utah.edu/common/home/lin-group9/agm/NOAA_CSL_Data/.temp
Extracting areaAG_emis_2020_Month09.tar.gz into /uufs/chpc.utah.edu/common/home/lin-group9/agm/NOAA_CSL_Data/.temp
Deleting /uufs/chpc.utah.edu/common/home/lin-group9/agm/NOAA_CSL_Data/.temp/areaAG_emis_2020_Month09.tar.gz
Deleting tree /uufs/chpc.utah.edu/common/home/lin-group9/agm/NOAA_CSL_Data/.temp/AreaAG
Downloading, extracting, and organizing data for area_Industry 2020 Month09
Downloading https://csl.noaa.gov/groups/csl7/measurements/2020covid-aqs/data/emissions/NRT_area-point_emissions/area/2020/areaIndustry_emis_2020_Month09.tar.gz to /uufs/chpc.utah.edu/common/home/lin-group9/agm/NOAA_CSL_Data/.temp
Extracting areaIndustry_emis_2020_Month09.tar.gz into /uufs/chpc.utah.edu/common/home/lin-group9/agm/NOAA_CSL_Data/.temp
Deleting /uufs/chpc.utah.edu/common/home/lin-group9/agm/NOAA_CSL_Data/.temp/areaIndustry_emis_2020_Month09.tar.gz
Deleting tree /uufs/chpc.utah.edu/common/home/lin-group9/agm/NOAA_CSL_Data/.temp/AreaIndustry
Downloading, extracting, and organizing data for area_Other 2020 Month09
Downloading https://csl.noaa.gov/groups/csl7/measurements/2020covid-aqs/data/emissions/NRT_area-point_emissions/area/2020/areaOtherArea_emis_2020_Month09.tar.gz to /uufs/chpc.utah.edu/common/home/lin-group9/agm/NOAA_CSL_Data/.temp
Extracting areaOtherArea_emis_2020_Month09.tar.gz into /uufs/chpc.utah.edu/common/home/lin-group9/agm/NOAA_CSL_Data/.temp
Deleting /uufs/chpc.utah.edu/common/home/lin-group9/agm/NOAA_CSL_Data/.temp/areaOtherArea_emis_2020_Month09.tar.gz
Deleting tree /uufs/chpc.utah.edu/common/home/lin-group9/agm/NOAA_CSL_Data/.temp/OtherArea
Downloading, extracting, and organizing data for area_VCP 2020 Month09
Downloading https://csl.noaa.gov/groups/csl7/measurements/2020covid-aqs/data/emissions/NRT_area-point_emissions/area/2020/areaVCP_emis_2020_Month09.tar.gz to /uufs/chpc.utah.edu/common/home/lin-group9/agm/NOAA_CSL_Data/.temp
Extracting areaVCP_emis_2020_Month09.tar.gz into /uufs/chpc.utah.edu/common/home/lin-group9/agm/NOAA_CSL_Data/.temp
Deleting /uufs/chpc.utah.edu/common/home/lin-group9/agm/NOAA_CSL_Data/.temp/areaVCP_emis_2020_Month09.tar.gz
Deleting tree /uufs/chpc.utah.edu/common/home/lin-group9/agm/NOAA_CSL_Data/.temp/AreaVCP
Downloading, extracting, and organizing data for point 2020 Month09
Downloading https://csl.noaa.gov/groups/csl7/measurements/2020covid-aqs/data/emissions/NRT_area-point_emissions/point/2020/point_emis_2020_Month09.tar.gz to /uufs/chpc.utah.edu/common/home/lin-group9/agm/NOAA_CSL_Data/.temp
Extracting point_emis_2020_Month09.tar.gz into /uufs/chpc.utah.edu/common/home/lin-group9/agm/NOAA_CSL_Data/.temp
Deleting /uufs/chpc.utah.edu/common/home/lin-group9/agm/NOAA_CSL_Data/.temp/point_emis_2020_Month09.tar.gz
Deleting tree /uufs/chpc.utah.edu/common/home/lin-group9/agm/NOAA_CSL_Data/.temp/Month09
Downloading, extracting, and organizing data for area_onroad_gasoline 2020COVID Month10
Downloading https://csl.noaa.gov/groups/csl7/measurements/2020covid-aqs/data/emissions/FIVE/onroad_gasoline/2020COVID/FIVE_onroad-gas_2020COVID_Month10.tar to /uufs/chpc.utah.edu/common/home/lin-group9/agm/NOAA_CSL_Data/.temp
Extracting FIVE_onroad-gas_2020COVID_Month10.tar into /uufs/chpc.utah.edu/common/home/lin-group9/agm/NOAA_CSL_Data/.temp
Deleting /uufs/chpc.utah.edu/common/home/lin-group9/agm/NOAA_CSL_Data/.temp/FIVE_onroad-gas_2020COVID_Month10.tar
Deleting tree /uufs/chpc.utah.edu/common/home/lin-group9/agm/NOAA_CSL_Data/.temp/Month10
Downloading, extracting, and organizing data for area_onroad_diesel 2020COVID Month10
Downloading https://csl.noaa.gov/groups/csl7/measurements/2020covid-aqs/data/emissions/FIVE/onroad_diesel/2020COVID/FIVE_onroad-dsl_2020COVID_Month10.tar to /uufs/chpc.utah.edu/common/home/lin-group9/agm/NOAA_CSL_Data/.temp
Extracting FIVE_onroad-dsl_2020COVID_Month10.tar into /uufs/chpc.utah.edu/common/home/lin-group9/agm/NOAA_CSL_Data/.temp
Deleting /uufs/chpc.utah.edu/common/home/lin-group9/agm/NOAA_CSL_Data/.temp/FIVE_onroad-dsl_2020COVID_Month10.tar
Deleting tree /uufs/chpc.utah.edu/common/home/lin-group9/agm/NOAA_CSL_Data/.temp/Month10
Downloading, extracting, and organizing data for area_offroad 2020COVID Month10
Downloading https://csl.noaa.gov/groups/csl7/measurements/2020covid-aqs/data/emissions/FIVE/offroad/2020COVID/FIVE_offroad_2020COVID_Month10.tar.gz to /uufs/chpc.utah.edu/common/home/lin-group9/agm/NOAA_CSL_Data/.temp
Extracting FIVE_offroad_2020COVID_Month10.tar.gz into /uufs/chpc.utah.edu/common/home/lin-group9/agm/NOAA_CSL_Data/.temp
Deleting /uufs/chpc.utah.edu/common/home/lin-group9/agm/NOAA_CSL_Data/.temp/FIVE_offroad_2020COVID_Month10.tar.gz
Deleting tree /uufs/chpc.utah.edu/common/home/lin-group9/agm/NOAA_CSL_Data/.temp/Month10
Downloading, extracting, and organizing data for area_OG 2020 Month10
Downloading https://csl.noaa.gov/groups/csl7/measurements/2020covid-aqs/data/emissions/NRT_area-point_emissions/FOG-NEI17_Oil_and_Gas/2020/areaOG_emis_2020_Month10.tar.gz to /uufs/chpc.utah.edu/common/home/lin-group9/agm/NOAA_CSL_Data/.temp
Extracting areaOG_emis_2020_Month10.tar.gz into /uufs/chpc.utah.edu/common/home/lin-group9/agm/NOAA_CSL_Data/.temp
Deleting /uufs/chpc.utah.edu/common/home/lin-group9/agm/NOAA_CSL_Data/.temp/areaOG_emis_2020_Month10.tar.gz
Deleting tree /uufs/chpc.utah.edu/common/home/lin-group9/agm/NOAA_CSL_Data/.temp/wrk
Downloading, extracting, and organizing data for area_AG 2020 Month10
Downloading https://csl.noaa.gov/groups/csl7/measurements/2020covid-aqs/data/emissions/NRT_area-point_emissions/area/2020/areaAG_emis_2020_Month10.tar.gz to /uufs/chpc.utah.edu/common/home/lin-group9/agm/NOAA_CSL_Data/.temp
Extracting areaAG_emis_2020_Month10.tar.gz into /uufs/chpc.utah.edu/common/home/lin-group9/agm/NOAA_CSL_Data/.temp
Deleting /uufs/chpc.utah.edu/common/home/lin-group9/agm/NOAA_CSL_Data/.temp/areaAG_emis_2020_Month10.tar.gz
Deleting tree /uufs/chpc.utah.edu/common/home/lin-group9/agm/NOAA_CSL_Data/.temp/AreaAG
Downloading, extracting, and organizing data for area_Industry 2020 Month10
Downloading https://csl.noaa.gov/groups/csl7/measurements/2020covid-aqs/data/emissions/NRT_area-point_emissions/area/2020/areaIndustry_emis_2020_Month10.tar.gz to /uufs/chpc.utah.edu/common/home/lin-group9/agm/NOAA_CSL_Data/.temp
Extracting areaIndustry_emis_2020_Month10.tar.gz into /uufs/chpc.utah.edu/common/home/lin-group9/agm/NOAA_CSL_Data/.temp
Deleting /uufs/chpc.utah.edu/common/home/lin-group9/agm/NOAA_CSL_Data/.temp/areaIndustry_emis_2020_Month10.tar.gz
Deleting tree /uufs/chpc.utah.edu/common/home/lin-group9/agm/NOAA_CSL_Data/.temp/AreaIndustry
Downloading, extracting, and organizing data for area_Other 2020 Month10
Downloading https://csl.noaa.gov/groups/csl7/measurements/2020covid-aqs/data/emissions/NRT_area-point_emissions/area/2020/areaOtherArea_emis_2020_Month10.tar.gz to /uufs/chpc.utah.edu/common/home/lin-group9/agm/NOAA_CSL_Data/.temp
Extracting areaOtherArea_emis_2020_Month10.tar.gz into /uufs/chpc.utah.edu/common/home/lin-group9/agm/NOAA_CSL_Data/.temp
Deleting /uufs/chpc.utah.edu/common/home/lin-group9/agm/NOAA_CSL_Data/.temp/areaOtherArea_emis_2020_Month10.tar.gz
Deleting tree /uufs/chpc.utah.edu/common/home/lin-group9/agm/NOAA_CSL_Data/.temp/OtherArea
Downloading, extracting, and organizing data for area_VCP 2020 Month10
Downloading https://csl.noaa.gov/groups/csl7/measurements/2020covid-aqs/data/emissions/NRT_area-point_emissions/area/2020/areaVCP_emis_2020_Month10.tar.gz to /uufs/chpc.utah.edu/common/home/lin-group9/agm/NOAA_CSL_Data/.temp
Extracting areaVCP_emis_2020_Month10.tar.gz into /uufs/chpc.utah.edu/common/home/lin-group9/agm/NOAA_CSL_Data/.temp
Deleting /uufs/chpc.utah.edu/common/home/lin-group9/agm/NOAA_CSL_Data/.temp/areaVCP_emis_2020_Month10.tar.gz
Deleting tree /uufs/chpc.utah.edu/common/home/lin-group9/agm/NOAA_CSL_Data/.temp/AreaVCP
Downloading, extracting, and organizing data for point 2020 Month10
Downloading https://csl.noaa.gov/groups/csl7/measurements/2020covid-aqs/data/emissions/NRT_area-point_emissions/point/2020/point_emis_2020_Month10.tar.gz to /uufs/chpc.utah.edu/common/home/lin-group9/agm/NOAA_CSL_Data/.temp
Extracting point_emis_2020_Month10.tar.gz into /uufs/chpc.utah.edu/common/home/lin-group9/agm/NOAA_CSL_Data/.temp
Deleting /uufs/chpc.utah.edu/common/home/lin-group9/agm/NOAA_CSL_Data/.temp/point_emis_2020_Month10.tar.gz
Deleting tree /uufs/chpc.utah.edu/common/home/lin-group9/agm/NOAA_CSL_Data/.temp/Month10
Downloading, extracting, and organizing data for area_onroad_gasoline 2020COVID Month11
Downloading https://csl.noaa.gov/groups/csl7/measurements/2020covid-aqs/data/emissions/FIVE/onroad_gasoline/2020COVID/FIVE_onroad-gas_2020COVID_Month11.tar to /uufs/chpc.utah.edu/common/home/lin-group9/agm/NOAA_CSL_Data/.temp
Extracting FIVE_onroad-gas_2020COVID_Month11.tar into /uufs/chpc.utah.edu/common/home/lin-group9/agm/NOAA_CSL_Data/.temp
Deleting /uufs/chpc.utah.edu/common/home/lin-group9/agm/NOAA_CSL_Data/.temp/FIVE_onroad-gas_2020COVID_Month11.tar
Deleting tree /uufs/chpc.utah.edu/common/home/lin-group9/agm/NOAA_CSL_Data/.temp/Month11
Downloading, extracting, and organizing data for area_onroad_diesel 2020COVID Month11
Downloading https://csl.noaa.gov/groups/csl7/measurements/2020covid-aqs/data/emissions/FIVE/onroad_diesel/2020COVID/FIVE_onroad-dsl_2020COVID_Month11.tar to /uufs/chpc.utah.edu/common/home/lin-group9/agm/NOAA_CSL_Data/.temp
Extracting FIVE_onroad-dsl_2020COVID_Month11.tar into /uufs/chpc.utah.edu/common/home/lin-group9/agm/NOAA_CSL_Data/.temp
Deleting /uufs/chpc.utah.edu/common/home/lin-group9/agm/NOAA_CSL_Data/.temp/FIVE_onroad-dsl_2020COVID_Month11.tar
Deleting tree /uufs/chpc.utah.edu/common/home/lin-group9/agm/NOAA_CSL_Data/.temp/Month11
Downloading, extracting, and organizing data for area_offroad 2020COVID Month11
Downloading https://csl.noaa.gov/groups/csl7/measurements/2020covid-aqs/data/emissions/FIVE/offroad/2020COVID/FIVE_offroad_2020COVID_Month11.tar.gz to /uufs/chpc.utah.edu/common/home/lin-group9/agm/NOAA_CSL_Data/.temp
Extracting FIVE_offroad_2020COVID_Month11.tar.gz into /uufs/chpc.utah.edu/common/home/lin-group9/agm/NOAA_CSL_Data/.temp
Deleting /uufs/chpc.utah.edu/common/home/lin-group9/agm/NOAA_CSL_Data/.temp/FIVE_offroad_2020COVID_Month11.tar.gz
Deleting tree /uufs/chpc.utah.edu/common/home/lin-group9/agm/NOAA_CSL_Data/.temp/Month11
Downloading, extracting, and organizing data for area_OG 2020 Month11
Downloading https://csl.noaa.gov/groups/csl7/measurements/2020covid-aqs/data/emissions/NRT_area-point_emissions/FOG-NEI17_Oil_and_Gas/2020/areaOG_emis_2020_Month11.tar.gz to /uufs/chpc.utah.edu/common/home/lin-group9/agm/NOAA_CSL_Data/.temp
Extracting areaOG_emis_2020_Month11.tar.gz into /uufs/chpc.utah.edu/common/home/lin-group9/agm/NOAA_CSL_Data/.temp
Deleting /uufs/chpc.utah.edu/common/home/lin-group9/agm/NOAA_CSL_Data/.temp/areaOG_emis_2020_Month11.tar.gz
Deleting tree /uufs/chpc.utah.edu/common/home/lin-group9/agm/NOAA_CSL_Data/.temp/wrk
Downloading, extracting, and organizing data for area_AG 2020 Month11
Downloading https://csl.noaa.gov/groups/csl7/measurements/2020covid-aqs/data/emissions/NRT_area-point_emissions/area/2020/areaAG_emis_2020_Month11.tar.gz to /uufs/chpc.utah.edu/common/home/lin-group9/agm/NOAA_CSL_Data/.temp
Extracting areaAG_emis_2020_Month11.tar.gz into /uufs/chpc.utah.edu/common/home/lin-group9/agm/NOAA_CSL_Data/.temp
Deleting /uufs/chpc.utah.edu/common/home/lin-group9/agm/NOAA_CSL_Data/.temp/areaAG_emis_2020_Month11.tar.gz
Deleting tree /uufs/chpc.utah.edu/common/home/lin-group9/agm/NOAA_CSL_Data/.temp/AreaAG
Downloading, extracting, and organizing data for area_Industry 2020 Month11
Downloading https://csl.noaa.gov/groups/csl7/measurements/2020covid-aqs/data/emissions/NRT_area-point_emissions/area/2020/areaIndustry_emis_2020_Month11.tar.gz to /uufs/chpc.utah.edu/common/home/lin-group9/agm/NOAA_CSL_Data/.temp
Extracting areaIndustry_emis_2020_Month11.tar.gz into /uufs/chpc.utah.edu/common/home/lin-group9/agm/NOAA_CSL_Data/.temp
Deleting /uufs/chpc.utah.edu/common/home/lin-group9/agm/NOAA_CSL_Data/.temp/areaIndustry_emis_2020_Month11.tar.gz
Deleting tree /uufs/chpc.utah.edu/common/home/lin-group9/agm/NOAA_CSL_Data/.temp/AreaIndustry
Downloading, extracting, and organizing data for area_Other 2020 Month11
Downloading https://csl.noaa.gov/groups/csl7/measurements/2020covid-aqs/data/emissions/NRT_area-point_emissions/area/2020/areaOtherArea_emis_2020_Month11.tar.gz to /uufs/chpc.utah.edu/common/home/lin-group9/agm/NOAA_CSL_Data/.temp
Extracting areaOtherArea_emis_2020_Month11.tar.gz into /uufs/chpc.utah.edu/common/home/lin-group9/agm/NOAA_CSL_Data/.temp
Deleting /uufs/chpc.utah.edu/common/home/lin-group9/agm/NOAA_CSL_Data/.temp/areaOtherArea_emis_2020_Month11.tar.gz
Deleting tree /uufs/chpc.utah.edu/common/home/lin-group9/agm/NOAA_CSL_Data/.temp/OtherArea
Downloading, extracting, and organizing data for area_VCP 2020 Month11
Downloading https://csl.noaa.gov/groups/csl7/measurements/2020covid-aqs/data/emissions/NRT_area-point_emissions/area/2020/areaVCP_emis_2020_Month11.tar.gz to /uufs/chpc.utah.edu/common/home/lin-group9/agm/NOAA_CSL_Data/.temp
Extracting areaVCP_emis_2020_Month11.tar.gz into /uufs/chpc.utah.edu/common/home/lin-group9/agm/NOAA_CSL_Data/.temp
Deleting /uufs/chpc.utah.edu/common/home/lin-group9/agm/NOAA_CSL_Data/.temp/areaVCP_emis_2020_Month11.tar.gz
Deleting tree /uufs/chpc.utah.edu/common/home/lin-group9/agm/NOAA_CSL_Data/.temp/AreaVCP
Downloading, extracting, and organizing data for point 2020 Month11
Downloading https://csl.noaa.gov/groups/csl7/measurements/2020covid-aqs/data/emissions/NRT_area-point_emissions/point/2020/point_emis_2020_Month11.tar.gz to /uufs/chpc.utah.edu/common/home/lin-group9/agm/NOAA_CSL_Data/.temp
Extracting point_emis_2020_Month11.tar.gz into /uufs/chpc.utah.edu/common/home/lin-group9/agm/NOAA_CSL_Data/.temp
Deleting /uufs/chpc.utah.edu/common/home/lin-group9/agm/NOAA_CSL_Data/.temp/point_emis_2020_Month11.tar.gz
Deleting tree /uufs/chpc.utah.edu/common/home/lin-group9/agm/NOAA_CSL_Data/.temp/Month11
Downloading, extracting, and organizing data for area_onroad_gasoline 2020COVID Month12
Downloading https://csl.noaa.gov/groups/csl7/measurements/2020covid-aqs/data/emissions/FIVE/onroad_gasoline/2020COVID/FIVE_onroad-gas_2020COVID_Month12.tar to /uufs/chpc.utah.edu/common/home/lin-group9/agm/NOAA_CSL_Data/.temp
Extracting FIVE_onroad-gas_2020COVID_Month12.tar into /uufs/chpc.utah.edu/common/home/lin-group9/agm/NOAA_CSL_Data/.temp
Deleting /uufs/chpc.utah.edu/common/home/lin-group9/agm/NOAA_CSL_Data/.temp/FIVE_onroad-gas_2020COVID_Month12.tar
Deleting tree /uufs/chpc.utah.edu/common/home/lin-group9/agm/NOAA_CSL_Data/.temp/Month12
Downloading, extracting, and organizing data for area_onroad_diesel 2020COVID Month12
Downloading https://csl.noaa.gov/groups/csl7/measurements/2020covid-aqs/data/emissions/FIVE/onroad_diesel/2020COVID/FIVE_onroad-dsl_2020COVID_Month12.tar to /uufs/chpc.utah.edu/common/home/lin-group9/agm/NOAA_CSL_Data/.temp
Extracting FIVE_onroad-dsl_2020COVID_Month12.tar into /uufs/chpc.utah.edu/common/home/lin-group9/agm/NOAA_CSL_Data/.temp
Deleting /uufs/chpc.utah.edu/common/home/lin-group9/agm/NOAA_CSL_Data/.temp/FIVE_onroad-dsl_2020COVID_Month12.tar
Deleting tree /uufs/chpc.utah.edu/common/home/lin-group9/agm/NOAA_CSL_Data/.temp/Month12
Downloading, extracting, and organizing data for area_offroad 2020COVID Month12
Downloading https://csl.noaa.gov/groups/csl7/measurements/2020covid-aqs/data/emissions/FIVE/offroad/2020COVID/FIVE_offroad_2020COVID_Month12.tar.gz to /uufs/chpc.utah.edu/common/home/lin-group9/agm/NOAA_CSL_Data/.temp
Extracting FIVE_offroad_2020COVID_Month12.tar.gz into /uufs/chpc.utah.edu/common/home/lin-group9/agm/NOAA_CSL_Data/.temp
Deleting /uufs/chpc.utah.edu/common/home/lin-group9/agm/NOAA_CSL_Data/.temp/FIVE_offroad_2020COVID_Month12.tar.gz
Deleting tree /uufs/chpc.utah.edu/common/home/lin-group9/agm/NOAA_CSL_Data/.temp/Month12
Downloading, extracting, and organizing data for area_OG 2020 Month12
Downloading https://csl.noaa.gov/groups/csl7/measurements/2020covid-aqs/data/emissions/NRT_area-point_emissions/FOG-NEI17_Oil_and_Gas/2020/areaOG_emis_2020_Month12.tar.gz to /uufs/chpc.utah.edu/common/home/lin-group9/agm/NOAA_CSL_Data/.temp
Extracting areaOG_emis_2020_Month12.tar.gz into /uufs/chpc.utah.edu/common/home/lin-group9/agm/NOAA_CSL_Data/.temp
Deleting /uufs/chpc.utah.edu/common/home/lin-group9/agm/NOAA_CSL_Data/.temp/areaOG_emis_2020_Month12.tar.gz
Deleting tree /uufs/chpc.utah.edu/common/home/lin-group9/agm/NOAA_CSL_Data/.temp/wrk
Downloading, extracting, and organizing data for area_AG 2020 Month12
Downloading https://csl.noaa.gov/groups/csl7/measurements/2020covid-aqs/data/emissions/NRT_area-point_emissions/area/2020/areaAG_emis_2020_Month12.tar.gz to /uufs/chpc.utah.edu/common/home/lin-group9/agm/NOAA_CSL_Data/.temp
Extracting areaAG_emis_2020_Month12.tar.gz into /uufs/chpc.utah.edu/common/home/lin-group9/agm/NOAA_CSL_Data/.temp
Deleting /uufs/chpc.utah.edu/common/home/lin-group9/agm/NOAA_CSL_Data/.temp/areaAG_emis_2020_Month12.tar.gz
Deleting tree /uufs/chpc.utah.edu/common/home/lin-group9/agm/NOAA_CSL_Data/.temp/AreaAG
Downloading, extracting, and organizing data for area_Industry 2020 Month12
Downloading https://csl.noaa.gov/groups/csl7/measurements/2020covid-aqs/data/emissions/NRT_area-point_emissions/area/2020/areaIndustry_emis_2020_Month12.tar.gz to /uufs/chpc.utah.edu/common/home/lin-group9/agm/NOAA_CSL_Data/.temp
Extracting areaIndustry_emis_2020_Month12.tar.gz into /uufs/chpc.utah.edu/common/home/lin-group9/agm/NOAA_CSL_Data/.temp
Deleting /uufs/chpc.utah.edu/common/home/lin-group9/agm/NOAA_CSL_Data/.temp/areaIndustry_emis_2020_Month12.tar.gz
Deleting tree /uufs/chpc.utah.edu/common/home/lin-group9/agm/NOAA_CSL_Data/.temp/AreaIndustry
Downloading, extracting, and organizing data for area_Other 2020 Month12
Downloading https://csl.noaa.gov/groups/csl7/measurements/2020covid-aqs/data/emissions/NRT_area-point_emissions/area/2020/areaOtherArea_emis_2020_Month12.tar.gz to /uufs/chpc.utah.edu/common/home/lin-group9/agm/NOAA_CSL_Data/.temp
Extracting areaOtherArea_emis_2020_Month12.tar.gz into /uufs/chpc.utah.edu/common/home/lin-group9/agm/NOAA_CSL_Data/.temp
Deleting /uufs/chpc.utah.edu/common/home/lin-group9/agm/NOAA_CSL_Data/.temp/areaOtherArea_emis_2020_Month12.tar.gz
Deleting tree /uufs/chpc.utah.edu/common/home/lin-group9/agm/NOAA_CSL_Data/.temp/OtherArea
Downloading, extracting, and organizing data for area_VCP 2020 Month12
Downloading https://csl.noaa.gov/groups/csl7/measurements/2020covid-aqs/data/emissions/NRT_area-point_emissions/area/2020/areaVCP_emis_2020_Month12.tar.gz to /uufs/chpc.utah.edu/common/home/lin-group9/agm/NOAA_CSL_Data/.temp
Extracting areaVCP_emis_2020_Month12.tar.gz into /uufs/chpc.utah.edu/common/home/lin-group9/agm/NOAA_CSL_Data/.temp
Deleting /uufs/chpc.utah.edu/common/home/lin-group9/agm/NOAA_CSL_Data/.temp/areaVCP_emis_2020_Month12.tar.gz
Deleting tree /uufs/chpc.utah.edu/common/home/lin-group9/agm/NOAA_CSL_Data/.temp/AreaVCP
Downloading, extracting, and organizing data for point 2020 Month12
Downloading https://csl.noaa.gov/groups/csl7/measurements/2020covid-aqs/data/emissions/NRT_area-point_emissions/point/2020/point_emis_2020_Month12.tar.gz to /uufs/chpc.utah.edu/common/home/lin-group9/agm/NOAA_CSL_Data/.temp
Extracting point_emis_2020_Month12.tar.gz into /uufs/chpc.utah.edu/common/home/lin-group9/agm/NOAA_CSL_Data/.temp
Deleting /uufs/chpc.utah.edu/common/home/lin-group9/agm/NOAA_CSL_Data/.temp/point_emis_2020_Month12.tar.gz
Deleting tree /uufs/chpc.utah.edu/common/home/lin-group9/agm/NOAA_CSL_Data/.temp/Month12
total runtime (seconds) = 12317.499885559082
